<?xml version="1.0" encoding="UTF-8"?>
<robot generator="Robot 3.2.1 (Python 3.10.5 on win32)" generated="20220811 00:18:28.809" rpa="false">
<suite id="s1" name="PROJECT DEMOBLAZE" source="D:\CODING STUFF\ROBOT\PROJECTS\PROJECT_DEMOBLAZE">
<suite id="s1-s1" name="Scripts" source="D:\CODING STUFF\ROBOT\PROJECTS\PROJECT_DEMOBLAZE\Scripts">
<suite id="s1-s1-s1" name="demoblaze ScriptOne" source="D:\CODING STUFF\ROBOT\PROJECTS\PROJECT_DEMOBLAZE\Scripts\demoblaze_ScriptOne.robot">
<test id="s1-s1-s1-t1" name="TestCase_02">
<kw name="Create Webdriver" library="SeleniumLibrary">
<doc>Creates an instance of Selenium WebDriver.</doc>
<arguments>
<arg>Chrome</arg>
<arg>executable_path=${Chrome_driver_path}</arg>
</arguments>
<msg timestamp="20220811 00:18:29.509" level="INFO">Creating an instance of the Chrome WebDriver.</msg>
<status status="PASS" starttime="20220811 00:18:29.507" endtime="20220811 00:18:31.270"></status>
</kw>
<kw name="Maximize Browser Window" library="SeleniumLibrary">
<doc>Maximizes current browser window.</doc>
<status status="PASS" starttime="20220811 00:18:31.271" endtime="20220811 00:18:31.405"></status>
</kw>
<kw name="Go To" library="SeleniumLibrary">
<doc>Navigates the current browser window to the provided ``url``.</doc>
<arguments>
<arg>${demoblaze_url}</arg>
</arguments>
<msg timestamp="20220811 00:18:31.407" level="INFO">Opening url 'https://www.demoblaze.com/'</msg>
<status status="PASS" starttime="20220811 00:18:31.406" endtime="20220811 00:18:35.184"></status>
</kw>
<kw name="Sleep" library="BuiltIn">
<doc>Pauses the test executed for the given time.</doc>
<arguments>
<arg>2s</arg>
</arguments>
<msg timestamp="20220811 00:18:37.198" level="INFO">Slept 2 seconds</msg>
<status status="PASS" starttime="20220811 00:18:35.186" endtime="20220811 00:18:37.198"></status>
</kw>
<kw name="Set Browser Implicit Wait" library="SeleniumLibrary">
<doc>Sets the implicit wait value used by Selenium.</doc>
<arguments>
<arg>10s</arg>
</arguments>
<status status="PASS" starttime="20220811 00:18:37.199" endtime="20220811 00:18:37.204"></status>
</kw>
<kw name="Execute Javascript" library="SeleniumLibrary">
<doc>Executes the given JavaScript code with possible arguments.</doc>
<arguments>
<arg>scroll(0,800)</arg>
</arguments>
<msg timestamp="20220811 00:18:37.207" level="INFO">Executing JavaScript:
scroll(0,800)
Without any arguments.</msg>
<status status="PASS" starttime="20220811 00:18:37.205" endtime="20220811 00:18:37.228"></status>
</kw>
<kw name="Click Element" library="SeleniumLibrary">
<doc>Click the element identified by ``locator``.</doc>
<arguments>
<arg>${product_one}</arg>
</arguments>
<msg timestamp="20220811 00:18:37.231" level="INFO">Clicking element 'xpath:(//a[contains(text(),'Samsung galaxy s7')])'.</msg>
<status status="PASS" starttime="20220811 00:18:37.229" endtime="20220811 00:18:38.178"></status>
</kw>
<kw name="Click Element" library="SeleniumLibrary">
<doc>Click the element identified by ``locator``.</doc>
<arguments>
<arg>${cart_Button}</arg>
</arguments>
<msg timestamp="20220811 00:18:38.181" level="INFO">Clicking element 'xpath:(//a[contains(text(),'Add to cart')])'.</msg>
<status status="PASS" starttime="20220811 00:18:38.179" endtime="20220811 00:18:38.995"></status>
</kw>
<kw name="Sleep" library="BuiltIn">
<doc>Pauses the test executed for the given time.</doc>
<arguments>
<arg>2s</arg>
</arguments>
<msg timestamp="20220811 00:18:40.998" level="INFO">Slept 2 seconds</msg>
<status status="PASS" starttime="20220811 00:18:38.996" endtime="20220811 00:18:40.999"></status>
</kw>
<kw name="Handle Alert" library="SeleniumLibrary">
<doc>Handles the current alert and returns its message.</doc>
<arguments>
<arg>action=ACCEPT</arg>
</arguments>
<msg timestamp="20220811 00:18:41.002" level="INFO">HANDLE::&lt;class 'NoneType'&gt;::None</msg>
<status status="PASS" starttime="20220811 00:18:41.000" endtime="20220811 00:18:41.018"></status>
</kw>
<kw name="Run Keyword And Return Status" library="BuiltIn">
<doc>Runs the given keyword with given arguments and returns the status as a Boolean value.</doc>
<arguments>
<arg>Element should be Visible</arg>
<arg>${cart_Icon}</arg>
</arguments>
<assign>
<var>${cart_Icon_visible}</var>
</assign>
<kw name="Element Should Be Visible" library="SeleniumLibrary">
<doc>Verifies that the element identified by ``locator`` is visible.</doc>
<arguments>
<arg>${cart_Icon}</arg>
</arguments>
<msg timestamp="20220811 00:18:41.113" level="INFO">Element 'xpath:((//ul[@class='navbar-nav ml-auto']//li[@class='nav-item'])[3]//a[contains(text(),'Cart')])' is displayed.</msg>
<status status="PASS" starttime="20220811 00:18:41.022" endtime="20220811 00:18:41.114"></status>
</kw>
<msg timestamp="20220811 00:18:41.114" level="INFO">${cart_Icon_visible} = True</msg>
<status status="PASS" starttime="20220811 00:18:41.020" endtime="20220811 00:18:41.114"></status>
</kw>
<kw name="Run Keyword If" library="BuiltIn">
<doc>Runs the given keyword with the given arguments, if ``condition`` is true.</doc>
<arguments>
<arg>${cart_Icon_visible}</arg>
<arg>Click Element</arg>
<arg>${cart_Icon}</arg>
<arg>ELSE</arg>
<arg>Capture Page Screenshot</arg>
<arg>D:/CODING STUFF/ROBOT/PROJECTS/PROJECT_ONE/SCREENSHOTS/Error_cart_Icon.png</arg>
</arguments>
<kw name="Click Element" library="SeleniumLibrary">
<doc>Click the element identified by ``locator``.</doc>
<arguments>
<arg>${cart_Icon}</arg>
</arguments>
<msg timestamp="20220811 00:18:41.115" level="INFO">Clicking element 'xpath:((//ul[@class='navbar-nav ml-auto']//li[@class='nav-item'])[3]//a[contains(text(),'Cart')])'.</msg>
<status status="PASS" starttime="20220811 00:18:41.115" endtime="20220811 00:18:41.907"></status>
</kw>
<status status="PASS" starttime="20220811 00:18:41.114" endtime="20220811 00:18:41.908"></status>
</kw>
<kw name="Sleep" library="BuiltIn">
<doc>Pauses the test executed for the given time.</doc>
<arguments>
<arg>2s</arg>
</arguments>
<msg timestamp="20220811 00:18:43.913" level="INFO">Slept 2 seconds</msg>
<status status="PASS" starttime="20220811 00:18:41.908" endtime="20220811 00:18:43.913"></status>
</kw>
<kw name="Run Keyword And Return Status" library="BuiltIn">
<doc>Runs the given keyword with given arguments and returns the status as a Boolean value.</doc>
<arguments>
<arg>Element should be Visible</arg>
<arg>${product_One_Icon}</arg>
</arguments>
<assign>
<var>${product_One_Icon_visible}</var>
</assign>
<kw name="Element Should Be Visible" library="SeleniumLibrary">
<doc>Verifies that the element identified by ``locator`` is visible.</doc>
<arguments>
<arg>${product_One_Icon}</arg>
</arguments>
<msg timestamp="20220811 00:18:43.944" level="INFO">Element 'xpath:(//tbody[@id='tbodyid']//following-sibling::td[contains(text(),'Samsung')])' is displayed.</msg>
<status status="PASS" starttime="20220811 00:18:43.914" endtime="20220811 00:18:43.944"></status>
</kw>
<msg timestamp="20220811 00:18:43.944" level="INFO">${product_One_Icon_visible} = True</msg>
<status status="PASS" starttime="20220811 00:18:43.914" endtime="20220811 00:18:43.944"></status>
</kw>
<kw name="Run Keyword If" library="BuiltIn">
<doc>Runs the given keyword with the given arguments, if ``condition`` is true.</doc>
<arguments>
<arg>${product_One_Icon_visible}</arg>
<arg>log to console</arg>
<arg>Element is visible</arg>
<arg>ELSE</arg>
<arg>Capture Page Screenshot</arg>
<arg>D:/CODING STUFF/ROBOT/PROJECTS/PROJECT_ONE/SCREENSHOTS/Error_product_One_Icon.png</arg>
</arguments>
<kw name="Log To Console" library="BuiltIn">
<doc>Logs the given message to the console.</doc>
<arguments>
<arg>Element is visible</arg>
</arguments>
<status status="PASS" starttime="20220811 00:18:43.946" endtime="20220811 00:18:43.946"></status>
</kw>
<status status="PASS" starttime="20220811 00:18:43.945" endtime="20220811 00:18:43.947"></status>
</kw>
<kw name="Sleep" library="BuiltIn">
<doc>Pauses the test executed for the given time.</doc>
<arguments>
<arg>2s</arg>
</arguments>
<msg timestamp="20220811 00:18:45.951" level="INFO">Slept 2 seconds</msg>
<status status="PASS" starttime="20220811 00:18:43.947" endtime="20220811 00:18:45.951"></status>
</kw>
<kw name="Run Keyword And Return Status" library="BuiltIn">
<doc>Runs the given keyword with given arguments and returns the status as a Boolean value.</doc>
<arguments>
<arg>Element should be Visible</arg>
<arg>${place_Order_Button}</arg>
</arguments>
<assign>
<var>${place_Order_visible}</var>
</assign>
<kw name="Element Should Be Visible" library="SeleniumLibrary">
<doc>Verifies that the element identified by ``locator`` is visible.</doc>
<arguments>
<arg>${place_Order_Button}</arg>
</arguments>
<msg timestamp="20220811 00:18:45.984" level="INFO">Element 'xpath:(//button[contains(text(),'Place Order')])' is displayed.</msg>
<status status="PASS" starttime="20220811 00:18:45.952" endtime="20220811 00:18:45.984"></status>
</kw>
<msg timestamp="20220811 00:18:45.985" level="INFO">${place_Order_visible} = True</msg>
<status status="PASS" starttime="20220811 00:18:45.952" endtime="20220811 00:18:45.985"></status>
</kw>
<kw name="Run Keyword If" library="BuiltIn">
<doc>Runs the given keyword with the given arguments, if ``condition`` is true.</doc>
<arguments>
<arg>${place_Order_visible}</arg>
<arg>Click Element</arg>
<arg>${place_Order_Button}</arg>
<arg>ELSE</arg>
<arg>Capture Page Screenshot</arg>
<arg>D:/CODING STUFF/ROBOT/PROJECTS/PROJECT_ONE/SCREENSHOTS/Error_place_Order_Button.png</arg>
</arguments>
<kw name="Click Element" library="SeleniumLibrary">
<doc>Click the element identified by ``locator``.</doc>
<arguments>
<arg>${place_Order_Button}</arg>
</arguments>
<msg timestamp="20220811 00:18:45.986" level="INFO">Clicking element 'xpath:(//button[contains(text(),'Place Order')])'.</msg>
<status status="PASS" starttime="20220811 00:18:45.986" endtime="20220811 00:18:46.052"></status>
</kw>
<status status="PASS" starttime="20220811 00:18:45.985" endtime="20220811 00:18:46.053"></status>
</kw>
<kw name="Sleep" library="BuiltIn">
<doc>Pauses the test executed for the given time.</doc>
<arguments>
<arg>2s</arg>
</arguments>
<msg timestamp="20220811 00:18:48.063" level="INFO">Slept 2 seconds</msg>
<status status="PASS" starttime="20220811 00:18:46.053" endtime="20220811 00:18:48.064"></status>
</kw>
<kw name="Input Text" library="SeleniumLibrary">
<doc>Types the given ``text`` into the text field identified by ``locator``.</doc>
<arguments>
<arg>${place_Order_Name}</arg>
<arg>Ashutosh Mohapatra</arg>
</arguments>
<msg timestamp="20220811 00:18:48.066" level="INFO">Typing text 'Ashutosh Mohapatra' into text field 'xpath:(//div[@class='form-group']//input[@id='name'])'.</msg>
<status status="PASS" starttime="20220811 00:18:48.064" endtime="20220811 00:18:48.235"></status>
</kw>
<kw name="Sleep" library="BuiltIn">
<doc>Pauses the test executed for the given time.</doc>
<arguments>
<arg>1s</arg>
</arguments>
<msg timestamp="20220811 00:18:49.237" level="INFO">Slept 1 second</msg>
<status status="PASS" starttime="20220811 00:18:48.235" endtime="20220811 00:18:49.238"></status>
</kw>
<kw name="Input Text" library="SeleniumLibrary">
<doc>Types the given ``text`` into the text field identified by ``locator``.</doc>
<arguments>
<arg>${place_Order_Country}</arg>
<arg>India</arg>
</arguments>
<msg timestamp="20220811 00:18:49.241" level="INFO">Typing text 'India' into text field 'xpath:(//div[@class='form-group']//input[@id='country'])'.</msg>
<status status="PASS" starttime="20220811 00:18:49.239" endtime="20220811 00:18:49.446"></status>
</kw>
<kw name="Sleep" library="BuiltIn">
<doc>Pauses the test executed for the given time.</doc>
<arguments>
<arg>1s</arg>
</arguments>
<msg timestamp="20220811 00:18:50.452" level="INFO">Slept 1 second</msg>
<status status="PASS" starttime="20220811 00:18:49.446" endtime="20220811 00:18:50.453"></status>
</kw>
<kw name="Input Text" library="SeleniumLibrary">
<doc>Types the given ``text`` into the text field identified by ``locator``.</doc>
<arguments>
<arg>${place_Order_City}</arg>
<arg>Odisha</arg>
</arguments>
<msg timestamp="20220811 00:18:50.457" level="INFO">Typing text 'Odisha' into text field 'xpath:(//div[@class='form-group']//input[@id='city'])'.</msg>
<status status="PASS" starttime="20220811 00:18:50.455" endtime="20220811 00:18:50.784"></status>
</kw>
<kw name="Sleep" library="BuiltIn">
<doc>Pauses the test executed for the given time.</doc>
<arguments>
<arg>1s</arg>
</arguments>
<msg timestamp="20220811 00:18:51.785" level="INFO">Slept 1 second</msg>
<status status="PASS" starttime="20220811 00:18:50.785" endtime="20220811 00:18:51.787"></status>
</kw>
<kw name="Input Text" library="SeleniumLibrary">
<doc>Types the given ``text`` into the text field identified by ``locator``.</doc>
<arguments>
<arg>${place_Order_Credit}</arg>
<arg>9999 8888 7777 6666</arg>
</arguments>
<msg timestamp="20220811 00:18:51.790" level="INFO">Typing text '9999 8888 7777 6666' into text field 'xpath:(//div[@class='form-group']//input[@id='card'])'.</msg>
<status status="PASS" starttime="20220811 00:18:51.788" endtime="20220811 00:18:52.137"></status>
</kw>
<kw name="Sleep" library="BuiltIn">
<doc>Pauses the test executed for the given time.</doc>
<arguments>
<arg>1s</arg>
</arguments>
<msg timestamp="20220811 00:18:53.145" level="INFO">Slept 1 second</msg>
<status status="PASS" starttime="20220811 00:18:52.138" endtime="20220811 00:18:53.146"></status>
</kw>
<kw name="Input Text" library="SeleniumLibrary">
<doc>Types the given ``text`` into the text field identified by ``locator``.</doc>
<arguments>
<arg>${place_Order_Month}</arg>
<arg>02</arg>
</arguments>
<msg timestamp="20220811 00:18:53.148" level="INFO">Typing text '02' into text field 'xpath:(//div[@class='form-group']//input[@id='month'])'.</msg>
<status status="PASS" starttime="20220811 00:18:53.146" endtime="20220811 00:18:53.286"></status>
</kw>
<kw name="Sleep" library="BuiltIn">
<doc>Pauses the test executed for the given time.</doc>
<arguments>
<arg>1s</arg>
</arguments>
<msg timestamp="20220811 00:18:54.294" level="INFO">Slept 1 second</msg>
<status status="PASS" starttime="20220811 00:18:53.287" endtime="20220811 00:18:54.294"></status>
</kw>
<kw name="Input Text" library="SeleniumLibrary">
<doc>Types the given ``text`` into the text field identified by ``locator``.</doc>
<arguments>
<arg>${place_Order_Year}</arg>
<arg>26</arg>
</arguments>
<msg timestamp="20220811 00:18:54.296" level="INFO">Typing text '26' into text field 'xpath:(//div[@class='form-group']//input[@id='year'])'.</msg>
<status status="PASS" starttime="20220811 00:18:54.295" endtime="20220811 00:18:54.416"></status>
</kw>
<kw name="Sleep" library="BuiltIn">
<doc>Pauses the test executed for the given time.</doc>
<arguments>
<arg>1s</arg>
</arguments>
<msg timestamp="20220811 00:18:55.427" level="INFO">Slept 1 second</msg>
<status status="PASS" starttime="20220811 00:18:54.416" endtime="20220811 00:18:55.429"></status>
</kw>
<kw name="Run Keyword And Return Status" library="BuiltIn">
<doc>Runs the given keyword with given arguments and returns the status as a Boolean value.</doc>
<arguments>
<arg>Element should be Visible</arg>
<arg>${purchase_Button}</arg>
</arguments>
<assign>
<var>${purchase_Button_visible}</var>
</assign>
<kw name="Element Should Be Visible" library="SeleniumLibrary">
<doc>Verifies that the element identified by ``locator`` is visible.</doc>
<arguments>
<arg>${purchase_Button}</arg>
</arguments>
<msg timestamp="20220811 00:18:55.511" level="INFO">Element 'xpath:(//button[contains(text(),'Purchase')])' is displayed.</msg>
<status status="PASS" starttime="20220811 00:18:55.433" endtime="20220811 00:18:55.512"></status>
</kw>
<msg timestamp="20220811 00:18:55.513" level="INFO">${purchase_Button_visible} = True</msg>
<status status="PASS" starttime="20220811 00:18:55.430" endtime="20220811 00:18:55.513"></status>
</kw>
<kw name="Run Keyword If" library="BuiltIn">
<doc>Runs the given keyword with the given arguments, if ``condition`` is true.</doc>
<arguments>
<arg>${purchase_Button_visible}</arg>
<arg>Click Element</arg>
<arg>${purchase_Button}</arg>
<arg>ELSE</arg>
<arg>Capture Page Screenshot</arg>
<arg>D:/CODING STUFF/ROBOT/PROJECTS/PROJECT_ONE/SCREENSHOTS/Error_purchase_Button.png</arg>
</arguments>
<kw name="Click Element" library="SeleniumLibrary">
<doc>Click the element identified by ``locator``.</doc>
<arguments>
<arg>${purchase_Button}</arg>
</arguments>
<msg timestamp="20220811 00:18:55.516" level="INFO">Clicking element 'xpath:(//button[contains(text(),'Purchase')])'.</msg>
<status status="PASS" starttime="20220811 00:18:55.516" endtime="20220811 00:18:55.663"></status>
</kw>
<status status="PASS" starttime="20220811 00:18:55.514" endtime="20220811 00:18:55.663"></status>
</kw>
<kw name="Sleep" library="BuiltIn">
<doc>Pauses the test executed for the given time.</doc>
<arguments>
<arg>2s</arg>
</arguments>
<msg timestamp="20220811 00:18:57.677" level="INFO">Slept 2 seconds</msg>
<status status="PASS" starttime="20220811 00:18:55.664" endtime="20220811 00:18:57.678"></status>
</kw>
<kw name="Get Text" library="SeleniumLibrary">
<doc>Returns the text value of the element identified by ``locator``.</doc>
<arguments>
<arg>${confirm_Message}</arg>
</arguments>
<assign>
<var>${confirm_Message_visible}</var>
</assign>
<msg timestamp="20220811 00:18:57.754" level="INFO">${confirm_Message_visible} = Thank you for your purchase!</msg>
<status status="PASS" starttime="20220811 00:18:57.679" endtime="20220811 00:18:57.755"></status>
</kw>
<kw name="Should Be Equal" library="BuiltIn">
<doc>Fails if the given objects are unequal.</doc>
<arguments>
<arg>${confirm_Message_Visible}</arg>
<arg>Thank you for your purchase!</arg>
</arguments>
<status status="PASS" starttime="20220811 00:18:57.756" endtime="20220811 00:18:57.758"></status>
</kw>
<kw name="Sleep" library="BuiltIn">
<doc>Pauses the test executed for the given time.</doc>
<arguments>
<arg>2s</arg>
</arguments>
<msg timestamp="20220811 00:18:59.771" level="INFO">Slept 2 seconds</msg>
<status status="PASS" starttime="20220811 00:18:57.759" endtime="20220811 00:18:59.772"></status>
</kw>
<kw name="Close Browser" library="SeleniumLibrary">
<doc>Closes the current browser.</doc>
<status status="PASS" starttime="20220811 00:18:59.772" endtime="20220811 00:19:02.086"></status>
</kw>
<status status="PASS" starttime="20220811 00:18:29.503" endtime="20220811 00:19:02.088" critical="yes"></status>
</test>
<status status="PASS" starttime="20220811 00:18:28.893" endtime="20220811 00:19:02.091"></status>
</suite>
<status status="PASS" starttime="20220811 00:18:28.889" endtime="20220811 00:19:02.104"></status>
</suite>
<status status="PASS" starttime="20220811 00:18:28.860" endtime="20220811 00:19:02.112"></status>
</suite>
<statistics>
<total>
<stat pass="1" fail="0">Critical Tests</stat>
<stat pass="1" fail="0">All Tests</stat>
</total>
<tag>
</tag>
<suite>
<stat pass="1" fail="0" id="s1" name="PROJECT DEMOBLAZE">PROJECT DEMOBLAZE</stat>
<stat pass="1" fail="0" id="s1-s1" name="Scripts">PROJECT DEMOBLAZE.Scripts</stat>
<stat pass="1" fail="0" id="s1-s1-s1" name="demoblaze ScriptOne">PROJECT DEMOBLAZE.Scripts.demoblaze ScriptOne</stat>
</suite>
</statistics>
<errors>
</errors>
</robot>
