<?xml version="1.0" encoding="UTF-8"?>
<robot generator="Robot 3.2.1 (Python 3.10.5 on win32)" generated="20220811 21:37:38.471" rpa="false">
<suite id="s1" name="PROJECT DEMOBLAZE" source="D:\CODING STUFF\ROBOT\PROJECTS\PROJECT_DEMOBLAZE">
<suite id="s1-s1" name="Scripts" source="D:\CODING STUFF\ROBOT\PROJECTS\PROJECT_DEMOBLAZE\Scripts">
<suite id="s1-s1-s1" name="demoblaze ScriptOne" source="D:\CODING STUFF\ROBOT\PROJECTS\PROJECT_DEMOBLAZE\Scripts\demoblaze_ScriptOne.robot">
<test id="s1-s1-s1-t1" name="TestCase_02">
<kw name="Launch Browser" library="demoblaze_Keywords">
<doc>Launch Browser and open specified url</doc>
<arguments>
<arg>${demoblaze_url}</arg>
</arguments>
<kw name="Create Webdriver" library="SeleniumLibrary">
<doc>Creates an instance of Selenium WebDriver.</doc>
<arguments>
<arg>Chrome</arg>
<arg>executable_path=${Chrome_driver_path}</arg>
</arguments>
<msg timestamp="20220811 21:37:38.894" level="INFO">Creating an instance of the Chrome WebDriver.</msg>
<status status="PASS" starttime="20220811 21:37:38.893" endtime="20220811 21:37:40.838"></status>
</kw>
<kw name="Maximize Browser Window" library="SeleniumLibrary">
<doc>Maximizes current browser window.</doc>
<status status="PASS" starttime="20220811 21:37:40.839" endtime="20220811 21:37:40.976"></status>
</kw>
<kw name="Go To" library="SeleniumLibrary">
<doc>Navigates the current browser window to the provided ``url``.</doc>
<arguments>
<arg>${url}</arg>
</arguments>
<msg timestamp="20220811 21:37:40.977" level="INFO">Opening url 'https://www.demoblaze.com/'</msg>
<status status="PASS" starttime="20220811 21:37:40.976" endtime="20220811 21:37:44.207"></status>
</kw>
<kw name="Sleep" library="BuiltIn">
<doc>Pauses the test executed for the given time.</doc>
<arguments>
<arg>2s</arg>
</arguments>
<msg timestamp="20220811 21:37:46.217" level="INFO">Slept 2 seconds</msg>
<status status="PASS" starttime="20220811 21:37:44.207" endtime="20220811 21:37:46.218"></status>
</kw>
<kw name="Set Browser Implicit Wait" library="SeleniumLibrary">
<doc>Sets the implicit wait value used by Selenium.</doc>
<arguments>
<arg>10s</arg>
</arguments>
<status status="PASS" starttime="20220811 21:37:46.219" endtime="20220811 21:37:46.222"></status>
</kw>
<status status="PASS" starttime="20220811 21:37:38.892" endtime="20220811 21:37:46.223"></status>
</kw>
<kw name="Sleep" library="BuiltIn">
<doc>Pauses the test executed for the given time.</doc>
<arguments>
<arg>2s</arg>
</arguments>
<msg timestamp="20220811 21:37:48.239" level="INFO">Slept 2 seconds</msg>
<status status="PASS" starttime="20220811 21:37:46.224" endtime="20220811 21:37:48.240"></status>
</kw>
<kw name="Scroll" library="demoblaze_Keywords">
<doc>Scroll down by given value in Argumemt</doc>
<arguments>
<arg>${700}</arg>
</arguments>
<kw name="Execute Javascript" library="SeleniumLibrary">
<doc>Executes the given JavaScript code with possible arguments.</doc>
<arguments>
<arg>scroll(0,${y})</arg>
</arguments>
<msg timestamp="20220811 21:37:48.250" level="INFO">Executing JavaScript:
scroll(0,700)
Without any arguments.</msg>
<status status="PASS" starttime="20220811 21:37:48.247" endtime="20220811 21:37:48.278"></status>
</kw>
<status status="PASS" starttime="20220811 21:37:48.242" endtime="20220811 21:37:48.279"></status>
</kw>
<kw name="Click Element if Visible" library="demoblaze_Keywords">
<doc>Check if Element is visible and Click Element</doc>
<arguments>
<arg>${product_One}</arg>
</arguments>
<kw name="Run Keyword And Return Status" library="BuiltIn">
<doc>Runs the given keyword with given arguments and returns the status as a Boolean value.</doc>
<arguments>
<arg>Element should be Visible</arg>
<arg>${product_variable}</arg>
</arguments>
<assign>
<var>${Storing_Variable}</var>
</assign>
<kw name="Element Should Be Visible" library="SeleniumLibrary">
<doc>Verifies that the element identified by ``locator`` is visible.</doc>
<arguments>
<arg>${product_variable}</arg>
</arguments>
<msg timestamp="20220811 21:37:48.339" level="INFO">Element 'xpath:(//a[contains(text(),'Samsung galaxy s7')])' is displayed.</msg>
<status status="PASS" starttime="20220811 21:37:48.286" endtime="20220811 21:37:48.340"></status>
</kw>
<msg timestamp="20220811 21:37:48.340" level="INFO">${Storing_Variable} = True</msg>
<status status="PASS" starttime="20220811 21:37:48.284" endtime="20220811 21:37:48.341"></status>
</kw>
<kw name="Run Keyword If" library="BuiltIn">
<doc>Runs the given keyword with the given arguments, if ``condition`` is true.</doc>
<arguments>
<arg>${Storing_Variable}</arg>
<arg>Click Element</arg>
<arg>${product_variable}</arg>
<arg>ELSE</arg>
<arg>Capture Page Screenshot</arg>
<arg>D:/CODING STUFF/ROBOT/PROJECTS/PROJECT_ONE/SCREENSHOTS/Error.png</arg>
</arguments>
<kw name="Click Element" library="SeleniumLibrary">
<doc>Click the element identified by ``locator``.</doc>
<arguments>
<arg>${product_variable}</arg>
</arguments>
<msg timestamp="20220811 21:37:48.343" level="INFO">Clicking element 'xpath:(//a[contains(text(),'Samsung galaxy s7')])'.</msg>
<status status="PASS" starttime="20220811 21:37:48.343" endtime="20220811 21:37:49.193"></status>
</kw>
<status status="PASS" starttime="20220811 21:37:48.341" endtime="20220811 21:37:49.193"></status>
</kw>
<status status="PASS" starttime="20220811 21:37:48.281" endtime="20220811 21:37:49.194"></status>
</kw>
<kw name="Click Element if Visible" library="demoblaze_Keywords">
<doc>Check if Element is visible and Click Element</doc>
<arguments>
<arg>${cart_Button}</arg>
</arguments>
<kw name="Run Keyword And Return Status" library="BuiltIn">
<doc>Runs the given keyword with given arguments and returns the status as a Boolean value.</doc>
<arguments>
<arg>Element should be Visible</arg>
<arg>${product_variable}</arg>
</arguments>
<assign>
<var>${Storing_Variable}</var>
</assign>
<kw name="Element Should Be Visible" library="SeleniumLibrary">
<doc>Verifies that the element identified by ``locator`` is visible.</doc>
<arguments>
<arg>${product_variable}</arg>
</arguments>
<msg timestamp="20220811 21:37:49.841" level="INFO">Element 'xpath:(//a[contains(text(),'Add to cart')])' is displayed.</msg>
<status status="PASS" starttime="20220811 21:37:49.197" endtime="20220811 21:37:49.842"></status>
</kw>
<msg timestamp="20220811 21:37:49.842" level="INFO">${Storing_Variable} = True</msg>
<status status="PASS" starttime="20220811 21:37:49.196" endtime="20220811 21:37:49.843"></status>
</kw>
<kw name="Run Keyword If" library="BuiltIn">
<doc>Runs the given keyword with the given arguments, if ``condition`` is true.</doc>
<arguments>
<arg>${Storing_Variable}</arg>
<arg>Click Element</arg>
<arg>${product_variable}</arg>
<arg>ELSE</arg>
<arg>Capture Page Screenshot</arg>
<arg>D:/CODING STUFF/ROBOT/PROJECTS/PROJECT_ONE/SCREENSHOTS/Error.png</arg>
</arguments>
<kw name="Click Element" library="SeleniumLibrary">
<doc>Click the element identified by ``locator``.</doc>
<arguments>
<arg>${product_variable}</arg>
</arguments>
<msg timestamp="20220811 21:37:49.844" level="INFO">Clicking element 'xpath:(//a[contains(text(),'Add to cart')])'.</msg>
<status status="PASS" starttime="20220811 21:37:49.844" endtime="20220811 21:37:49.904"></status>
</kw>
<status status="PASS" starttime="20220811 21:37:49.843" endtime="20220811 21:37:49.905"></status>
</kw>
<status status="PASS" starttime="20220811 21:37:49.195" endtime="20220811 21:37:49.906"></status>
</kw>
<kw name="Sleep" library="BuiltIn">
<doc>Pauses the test executed for the given time.</doc>
<arguments>
<arg>2s</arg>
</arguments>
<msg timestamp="20220811 21:37:51.917" level="INFO">Slept 2 seconds</msg>
<status status="PASS" starttime="20220811 21:37:49.907" endtime="20220811 21:37:51.917"></status>
</kw>
<kw name="Handle Alert if present" library="demoblaze_Keywords">
<doc>Handle any alert</doc>
<arguments>
<arg>ACCEPT</arg>
<arg>Product added</arg>
</arguments>
<kw name="Handle Alert" library="SeleniumLibrary">
<doc>Handles the current alert and returns its message.</doc>
<arguments>
<arg>action=${Accept_Decline}</arg>
</arguments>
<assign>
<var>${alert_Message}</var>
</assign>
<msg timestamp="20220811 21:37:51.919" level="INFO">HANDLE::&lt;class 'NoneType'&gt;::None</msg>
<msg timestamp="20220811 21:37:51.925" level="INFO">${alert_Message} = Product added</msg>
<status status="PASS" starttime="20220811 21:37:51.918" endtime="20220811 21:37:51.925"></status>
</kw>
<kw name="Should Be Equal" library="BuiltIn">
<doc>Fails if the given objects are unequal.</doc>
<arguments>
<arg>${alert_Message}</arg>
<arg>${Alert_Expected_Text}</arg>
</arguments>
<status status="PASS" starttime="20220811 21:37:51.926" endtime="20220811 21:37:51.927"></status>
</kw>
<status status="PASS" starttime="20220811 21:37:51.917" endtime="20220811 21:37:51.928"></status>
</kw>
<kw name="Sleep" library="BuiltIn">
<doc>Pauses the test executed for the given time.</doc>
<arguments>
<arg>2s</arg>
</arguments>
<msg timestamp="20220811 21:37:53.936" level="INFO">Slept 2 seconds</msg>
<status status="PASS" starttime="20220811 21:37:51.929" endtime="20220811 21:37:53.936"></status>
</kw>
<kw name="Click Element if Visible" library="demoblaze_Keywords">
<doc>Check if Element is visible and Click Element</doc>
<arguments>
<arg>${cart_Icon}</arg>
</arguments>
<kw name="Run Keyword And Return Status" library="BuiltIn">
<doc>Runs the given keyword with given arguments and returns the status as a Boolean value.</doc>
<arguments>
<arg>Element should be Visible</arg>
<arg>${product_variable}</arg>
</arguments>
<assign>
<var>${Storing_Variable}</var>
</assign>
<kw name="Element Should Be Visible" library="SeleniumLibrary">
<doc>Verifies that the element identified by ``locator`` is visible.</doc>
<arguments>
<arg>${product_variable}</arg>
</arguments>
<msg timestamp="20220811 21:37:53.966" level="INFO">Element 'xpath:((//ul[@class='navbar-nav ml-auto']//li[@class='nav-item'])[3]//a[contains(text(),'Cart')])' is displayed.</msg>
<status status="PASS" starttime="20220811 21:37:53.938" endtime="20220811 21:37:53.967"></status>
</kw>
<msg timestamp="20220811 21:37:53.967" level="INFO">${Storing_Variable} = True</msg>
<status status="PASS" starttime="20220811 21:37:53.938" endtime="20220811 21:37:53.967"></status>
</kw>
<kw name="Run Keyword If" library="BuiltIn">
<doc>Runs the given keyword with the given arguments, if ``condition`` is true.</doc>
<arguments>
<arg>${Storing_Variable}</arg>
<arg>Click Element</arg>
<arg>${product_variable}</arg>
<arg>ELSE</arg>
<arg>Capture Page Screenshot</arg>
<arg>D:/CODING STUFF/ROBOT/PROJECTS/PROJECT_ONE/SCREENSHOTS/Error.png</arg>
</arguments>
<kw name="Click Element" library="SeleniumLibrary">
<doc>Click the element identified by ``locator``.</doc>
<arguments>
<arg>${product_variable}</arg>
</arguments>
<msg timestamp="20220811 21:37:53.969" level="INFO">Clicking element 'xpath:((//ul[@class='navbar-nav ml-auto']//li[@class='nav-item'])[3]//a[contains(text(),'Cart')])'.</msg>
<status status="PASS" starttime="20220811 21:37:53.968" endtime="20220811 21:37:55.272"></status>
</kw>
<status status="PASS" starttime="20220811 21:37:53.968" endtime="20220811 21:37:55.272"></status>
</kw>
<status status="PASS" starttime="20220811 21:37:53.936" endtime="20220811 21:37:55.273"></status>
</kw>
<kw name="Sleep" library="BuiltIn">
<doc>Pauses the test executed for the given time.</doc>
<arguments>
<arg>2s</arg>
</arguments>
<msg timestamp="20220811 21:37:57.276" level="INFO">Slept 2 seconds</msg>
<status status="PASS" starttime="20220811 21:37:55.273" endtime="20220811 21:37:57.277"></status>
</kw>
<kw name="Check if Element is Visible" library="demoblaze_Keywords">
<doc>Check if Element is visible</doc>
<arguments>
<arg>${product_One_Icon}</arg>
</arguments>
<kw name="Run Keyword And Return Status" library="BuiltIn">
<doc>Runs the given keyword with given arguments and returns the status as a Boolean value.</doc>
<arguments>
<arg>Element should be Visible</arg>
<arg>${product_variable}</arg>
</arguments>
<assign>
<var>${Storing_Variable}</var>
</assign>
<kw name="Element Should Be Visible" library="SeleniumLibrary">
<doc>Verifies that the element identified by ``locator`` is visible.</doc>
<arguments>
<arg>${product_variable}</arg>
</arguments>
<msg timestamp="20220811 21:37:57.338" level="INFO">Element 'xpath:(//tbody[@id='tbodyid']//following-sibling::td[contains(text(),'Samsung')])' is displayed.</msg>
<status status="PASS" starttime="20220811 21:37:57.282" endtime="20220811 21:37:57.339"></status>
</kw>
<msg timestamp="20220811 21:37:57.339" level="INFO">${Storing_Variable} = True</msg>
<status status="PASS" starttime="20220811 21:37:57.281" endtime="20220811 21:37:57.340"></status>
</kw>
<kw name="Run Keyword If" library="BuiltIn">
<doc>Runs the given keyword with the given arguments, if ``condition`` is true.</doc>
<arguments>
<arg>${Storing_Variable}</arg>
<arg>log to console</arg>
<arg>${product_variable}</arg>
<arg>ELSE</arg>
<arg>Capture Page Screenshot</arg>
<arg>D:/CODING STUFF/ROBOT/PROJECTS/PROJECT_ONE/SCREENSHOTS/Error.png</arg>
</arguments>
<kw name="Log To Console" library="BuiltIn">
<doc>Logs the given message to the console.</doc>
<arguments>
<arg>${product_variable}</arg>
</arguments>
<status status="PASS" starttime="20220811 21:37:57.342" endtime="20220811 21:37:57.343"></status>
</kw>
<status status="PASS" starttime="20220811 21:37:57.341" endtime="20220811 21:37:57.344"></status>
</kw>
<status status="PASS" starttime="20220811 21:37:57.278" endtime="20220811 21:37:57.345"></status>
</kw>
<kw name="Sleep" library="BuiltIn">
<doc>Pauses the test executed for the given time.</doc>
<arguments>
<arg>2s</arg>
</arguments>
<msg timestamp="20220811 21:37:59.359" level="INFO">Slept 2 seconds</msg>
<status status="PASS" starttime="20220811 21:37:57.345" endtime="20220811 21:37:59.360"></status>
</kw>
<kw name="Click Element if Visible" library="demoblaze_Keywords">
<doc>Check if Element is visible and Click Element</doc>
<arguments>
<arg>${place_Order_Button}</arg>
</arguments>
<kw name="Run Keyword And Return Status" library="BuiltIn">
<doc>Runs the given keyword with given arguments and returns the status as a Boolean value.</doc>
<arguments>
<arg>Element should be Visible</arg>
<arg>${product_variable}</arg>
</arguments>
<assign>
<var>${Storing_Variable}</var>
</assign>
<kw name="Element Should Be Visible" library="SeleniumLibrary">
<doc>Verifies that the element identified by ``locator`` is visible.</doc>
<arguments>
<arg>${product_variable}</arg>
</arguments>
<msg timestamp="20220811 21:37:59.423" level="INFO">Element 'xpath:(//button[contains(text(),'Place Order')])' is displayed.</msg>
<status status="PASS" starttime="20220811 21:37:59.366" endtime="20220811 21:37:59.423"></status>
</kw>
<msg timestamp="20220811 21:37:59.424" level="INFO">${Storing_Variable} = True</msg>
<status status="PASS" starttime="20220811 21:37:59.365" endtime="20220811 21:37:59.424"></status>
</kw>
<kw name="Run Keyword If" library="BuiltIn">
<doc>Runs the given keyword with the given arguments, if ``condition`` is true.</doc>
<arguments>
<arg>${Storing_Variable}</arg>
<arg>Click Element</arg>
<arg>${product_variable}</arg>
<arg>ELSE</arg>
<arg>Capture Page Screenshot</arg>
<arg>D:/CODING STUFF/ROBOT/PROJECTS/PROJECT_ONE/SCREENSHOTS/Error.png</arg>
</arguments>
<kw name="Click Element" library="SeleniumLibrary">
<doc>Click the element identified by ``locator``.</doc>
<arguments>
<arg>${product_variable}</arg>
</arguments>
<msg timestamp="20220811 21:37:59.427" level="INFO">Clicking element 'xpath:(//button[contains(text(),'Place Order')])'.</msg>
<status status="PASS" starttime="20220811 21:37:59.427" endtime="20220811 21:37:59.493"></status>
</kw>
<status status="PASS" starttime="20220811 21:37:59.425" endtime="20220811 21:37:59.494"></status>
</kw>
<status status="PASS" starttime="20220811 21:37:59.362" endtime="20220811 21:37:59.495"></status>
</kw>
<kw name="Sleep" library="BuiltIn">
<doc>Pauses the test executed for the given time.</doc>
<arguments>
<arg>2s</arg>
</arguments>
<msg timestamp="20220811 21:38:01.503" level="INFO">Slept 2 seconds</msg>
<status status="PASS" starttime="20220811 21:37:59.496" endtime="20220811 21:38:01.503"></status>
</kw>
<kw name="Enter Username" library="demoblaze_Keywords">
<doc>Enter your username. Takes one argument</doc>
<arguments>
<arg>Test User Name</arg>
</arguments>
<kw name="Input Text" library="SeleniumLibrary">
<doc>Types the given ``text`` into the text field identified by ``locator``.</doc>
<arguments>
<arg>${place_Order_Name}</arg>
<arg>${username}</arg>
</arguments>
<msg timestamp="20220811 21:38:01.505" level="INFO">Typing text 'Test User Name' into text field 'xpath:(//div[@class='form-group']//input[@id='name'])'.</msg>
<status status="PASS" starttime="20220811 21:38:01.505" endtime="20220811 21:38:01.655"></status>
</kw>
<status status="PASS" starttime="20220811 21:38:01.504" endtime="20220811 21:38:01.656"></status>
</kw>
<kw name="Sleep" library="BuiltIn">
<doc>Pauses the test executed for the given time.</doc>
<arguments>
<arg>1s</arg>
</arguments>
<msg timestamp="20220811 21:38:02.664" level="INFO">Slept 1 second</msg>
<status status="PASS" starttime="20220811 21:38:01.656" endtime="20220811 21:38:02.664"></status>
</kw>
<kw name="Enter Country" library="demoblaze_Keywords">
<doc>Enter your username. Takes one argument</doc>
<arguments>
<arg>India</arg>
</arguments>
<kw name="Input Text" library="SeleniumLibrary">
<doc>Types the given ``text`` into the text field identified by ``locator``.</doc>
<arguments>
<arg>${place_Order_Country}</arg>
<arg>${country}</arg>
</arguments>
<msg timestamp="20220811 21:38:02.667" level="INFO">Typing text 'India' into text field 'xpath:(//div[@class='form-group']//input[@id='country'])'.</msg>
<status status="PASS" starttime="20220811 21:38:02.666" endtime="20220811 21:38:02.789"></status>
</kw>
<status status="PASS" starttime="20220811 21:38:02.665" endtime="20220811 21:38:02.790"></status>
</kw>
<kw name="Sleep" library="BuiltIn">
<doc>Pauses the test executed for the given time.</doc>
<arguments>
<arg>1s</arg>
</arguments>
<msg timestamp="20220811 21:38:03.804" level="INFO">Slept 1 second</msg>
<status status="PASS" starttime="20220811 21:38:02.790" endtime="20220811 21:38:03.804"></status>
</kw>
<kw name="Enter City" library="demoblaze_Keywords">
<doc>Enter your username. Takes one argument</doc>
<arguments>
<arg>Odisha</arg>
</arguments>
<kw name="Input Text" library="SeleniumLibrary">
<doc>Types the given ``text`` into the text field identified by ``locator``.</doc>
<arguments>
<arg>${place_Order_City}</arg>
<arg>${City}</arg>
</arguments>
<msg timestamp="20220811 21:38:03.807" level="INFO">Typing text 'Odisha' into text field 'xpath:(//div[@class='form-group']//input[@id='city'])'.</msg>
<status status="PASS" starttime="20220811 21:38:03.806" endtime="20220811 21:38:03.956"></status>
</kw>
<status status="PASS" starttime="20220811 21:38:03.805" endtime="20220811 21:38:03.956"></status>
</kw>
<kw name="Sleep" library="BuiltIn">
<doc>Pauses the test executed for the given time.</doc>
<arguments>
<arg>1s</arg>
</arguments>
<msg timestamp="20220811 21:38:04.972" level="INFO">Slept 1 second</msg>
<status status="PASS" starttime="20220811 21:38:03.957" endtime="20220811 21:38:04.972"></status>
</kw>
<kw name="Enter Credit" library="demoblaze_Keywords">
<doc>Enter your username. Takes one argument</doc>
<arguments>
<arg>9999 8888 7777 6666</arg>
</arguments>
<kw name="Input Text" library="SeleniumLibrary">
<doc>Types the given ``text`` into the text field identified by ``locator``.</doc>
<arguments>
<arg>${place_Order_Credit}</arg>
<arg>${Credit}</arg>
</arguments>
<msg timestamp="20220811 21:38:04.974" level="INFO">Typing text '9999 8888 7777 6666' into text field 'xpath:(//div[@class='form-group']//input[@id='card'])'.</msg>
<status status="PASS" starttime="20220811 21:38:04.973" endtime="20220811 21:38:05.133"></status>
</kw>
<status status="PASS" starttime="20220811 21:38:04.973" endtime="20220811 21:38:05.134"></status>
</kw>
<kw name="Sleep" library="BuiltIn">
<doc>Pauses the test executed for the given time.</doc>
<arguments>
<arg>1s</arg>
</arguments>
<msg timestamp="20220811 21:38:06.148" level="INFO">Slept 1 second</msg>
<status status="PASS" starttime="20220811 21:38:05.134" endtime="20220811 21:38:06.148"></status>
</kw>
<kw name="Enter Month" library="demoblaze_Keywords">
<doc>Enter your username. Takes one argument</doc>
<arguments>
<arg>02</arg>
</arguments>
<kw name="Input Text" library="SeleniumLibrary">
<doc>Types the given ``text`` into the text field identified by ``locator``.</doc>
<arguments>
<arg>${place_Order_Month}</arg>
<arg>${Month}</arg>
</arguments>
<msg timestamp="20220811 21:38:06.150" level="INFO">Typing text '02' into text field 'xpath:(//div[@class='form-group']//input[@id='month'])'.</msg>
<status status="PASS" starttime="20220811 21:38:06.150" endtime="20220811 21:38:06.262"></status>
</kw>
<status status="PASS" starttime="20220811 21:38:06.149" endtime="20220811 21:38:06.262"></status>
</kw>
<kw name="Sleep" library="BuiltIn">
<doc>Pauses the test executed for the given time.</doc>
<arguments>
<arg>1s</arg>
</arguments>
<msg timestamp="20220811 21:38:07.273" level="INFO">Slept 1 second</msg>
<status status="PASS" starttime="20220811 21:38:06.264" endtime="20220811 21:38:07.274"></status>
</kw>
<kw name="Enter Year" library="demoblaze_Keywords">
<doc>Enter your username. Takes one argument</doc>
<arguments>
<arg>26</arg>
</arguments>
<kw name="Input Text" library="SeleniumLibrary">
<doc>Types the given ``text`` into the text field identified by ``locator``.</doc>
<arguments>
<arg>${place_Order_Year}</arg>
<arg>${Year}</arg>
</arguments>
<msg timestamp="20220811 21:38:07.281" level="INFO">Typing text '26' into text field 'xpath:(//div[@class='form-group']//input[@id='year'])'.</msg>
<status status="PASS" starttime="20220811 21:38:07.278" endtime="20220811 21:38:07.453"></status>
</kw>
<status status="PASS" starttime="20220811 21:38:07.275" endtime="20220811 21:38:07.454"></status>
</kw>
<kw name="Sleep" library="BuiltIn">
<doc>Pauses the test executed for the given time.</doc>
<arguments>
<arg>1s</arg>
</arguments>
<msg timestamp="20220811 21:38:08.469" level="INFO">Slept 1 second</msg>
<status status="PASS" starttime="20220811 21:38:07.455" endtime="20220811 21:38:08.470"></status>
</kw>
<kw name="Click Element if Visible" library="demoblaze_Keywords">
<doc>Check if Element is visible and Click Element</doc>
<arguments>
<arg>${purchase_Button}</arg>
</arguments>
<kw name="Run Keyword And Return Status" library="BuiltIn">
<doc>Runs the given keyword with given arguments and returns the status as a Boolean value.</doc>
<arguments>
<arg>Element should be Visible</arg>
<arg>${product_variable}</arg>
</arguments>
<assign>
<var>${Storing_Variable}</var>
</assign>
<kw name="Element Should Be Visible" library="SeleniumLibrary">
<doc>Verifies that the element identified by ``locator`` is visible.</doc>
<arguments>
<arg>${product_variable}</arg>
</arguments>
<msg timestamp="20220811 21:38:08.520" level="INFO">Element 'xpath:(//button[contains(text(),'Purchase')])' is displayed.</msg>
<status status="PASS" starttime="20220811 21:38:08.473" endtime="20220811 21:38:08.520"></status>
</kw>
<msg timestamp="20220811 21:38:08.521" level="INFO">${Storing_Variable} = True</msg>
<status status="PASS" starttime="20220811 21:38:08.472" endtime="20220811 21:38:08.521"></status>
</kw>
<kw name="Run Keyword If" library="BuiltIn">
<doc>Runs the given keyword with the given arguments, if ``condition`` is true.</doc>
<arguments>
<arg>${Storing_Variable}</arg>
<arg>Click Element</arg>
<arg>${product_variable}</arg>
<arg>ELSE</arg>
<arg>Capture Page Screenshot</arg>
<arg>D:/CODING STUFF/ROBOT/PROJECTS/PROJECT_ONE/SCREENSHOTS/Error.png</arg>
</arguments>
<kw name="Click Element" library="SeleniumLibrary">
<doc>Click the element identified by ``locator``.</doc>
<arguments>
<arg>${product_variable}</arg>
</arguments>
<msg timestamp="20220811 21:38:08.523" level="INFO">Clicking element 'xpath:(//button[contains(text(),'Purchase')])'.</msg>
<status status="PASS" starttime="20220811 21:38:08.522" endtime="20220811 21:38:08.593"></status>
</kw>
<status status="PASS" starttime="20220811 21:38:08.521" endtime="20220811 21:38:08.593"></status>
</kw>
<status status="PASS" starttime="20220811 21:38:08.470" endtime="20220811 21:38:08.594"></status>
</kw>
<kw name="Sleep" library="BuiltIn">
<doc>Pauses the test executed for the given time.</doc>
<arguments>
<arg>2s</arg>
</arguments>
<msg timestamp="20220811 21:38:10.597" level="INFO">Slept 2 seconds</msg>
<status status="PASS" starttime="20220811 21:38:08.595" endtime="20220811 21:38:10.597"></status>
</kw>
<kw name="Verify Text" library="demoblaze_Keywords">
<doc>Verify the expected text. Takes two Arguments</doc>
<arguments>
<arg>${confirm_Message}</arg>
<arg>Thank you for your purchase!</arg>
</arguments>
<kw name="Get Text" library="SeleniumLibrary">
<doc>Returns the text value of the element identified by ``locator``.</doc>
<arguments>
<arg>${actual_Text}</arg>
</arguments>
<assign>
<var>${confirm_Message_visible}</var>
</assign>
<msg timestamp="20220811 21:38:10.629" level="INFO">${confirm_Message_visible} = Thank you for your purchase!</msg>
<status status="PASS" starttime="20220811 21:38:10.599" endtime="20220811 21:38:10.629"></status>
</kw>
<kw name="Should Be Equal" library="BuiltIn">
<doc>Fails if the given objects are unequal.</doc>
<arguments>
<arg>${confirm_Message_Visible}</arg>
<arg>${expected_Text}</arg>
</arguments>
<status status="PASS" starttime="20220811 21:38:10.630" endtime="20220811 21:38:10.631"></status>
</kw>
<status status="PASS" starttime="20220811 21:38:10.598" endtime="20220811 21:38:10.632"></status>
</kw>
<kw name="Sleep" library="BuiltIn">
<doc>Pauses the test executed for the given time.</doc>
<arguments>
<arg>2s</arg>
</arguments>
<msg timestamp="20220811 21:38:12.635" level="INFO">Slept 2 seconds</msg>
<status status="PASS" starttime="20220811 21:38:10.632" endtime="20220811 21:38:12.636"></status>
</kw>
<kw name="Close Browser" library="SeleniumLibrary">
<doc>Closes the current browser.</doc>
<status status="PASS" starttime="20220811 21:38:12.637" endtime="20220811 21:38:14.970"></status>
</kw>
<status status="PASS" starttime="20220811 21:37:38.891" endtime="20220811 21:38:14.972" critical="yes"></status>
</test>
<status status="PASS" starttime="20220811 21:37:38.553" endtime="20220811 21:38:14.977"></status>
</suite>
<status status="PASS" starttime="20220811 21:37:38.549" endtime="20220811 21:38:14.996"></status>
</suite>
<status status="PASS" starttime="20220811 21:37:38.522" endtime="20220811 21:38:15.005"></status>
</suite>
<statistics>
<total>
<stat pass="1" fail="0">Critical Tests</stat>
<stat pass="1" fail="0">All Tests</stat>
</total>
<tag>
</tag>
<suite>
<stat pass="1" fail="0" id="s1" name="PROJECT DEMOBLAZE">PROJECT DEMOBLAZE</stat>
<stat pass="1" fail="0" id="s1-s1" name="Scripts">PROJECT DEMOBLAZE.Scripts</stat>
<stat pass="1" fail="0" id="s1-s1-s1" name="demoblaze ScriptOne">PROJECT DEMOBLAZE.Scripts.demoblaze ScriptOne</stat>
</suite>
</statistics>
<errors>
</errors>
</robot>
